{
  "data": [
    {
      "filename": "temp.xml",
      "invoiceId": 9,
      "retJson": {
        "AccountingCustomerParty": {
          "Party": {
            "Contact": {
              "Name": "Lisa Johnson"
            },
            "EndpointID": {
              "schemeID": "0151",
              "value": "47555222000"
            },
            "PartyIdentification": {
              "ID": "AccountNumber123"
            },
            "PartyLegalEntity": {
              "CompanyID": {
                "schemeID": "0151",
                "value": "91888222000"
              },
              "RegistrationName": "Trotters Incorporated"
            },
            "PostalAddress": {
              "CityName": "Sydney",
              "Country": {
                "IdentificationCode": "AU"
              },
              "CountrySubentity": "NSW",
              "PostalZone": "2000",
              "StreetName": "100 Queen Street"
            }
          }
        },
        "AccountingSupplierParty": {
          "Party": {
            "EndpointID": {
              "schemeID": "0151",
              "value": "47555222000"
            },
            "PartyLegalEntity": {
              "CompanyID": {
                "schemeID": "0151",
                "value": "47555222000"
              },
              "RegistrationName": "Grey Roo Energy"
            },
            "PostalAddress": {
              "CityName": "Harrison",
              "Country": {
                "IdentificationCode": "AU"
              },
              "CountrySubentity": "NSW",
              "PostalZone": "2912"
            }
          }
        },
        "AdditionalDocumentReference": {
          "Attachment": {
            "EmbeddedDocumentBinaryObject": {
              "filename": "Invoice03.pdf",
              "mimeCode": "application/pdf",
              "value": "UGxhaW4gdGV4dCBpbiBwbGFjZSBvZiBwZGYgYXR0YWNobWVudCBmb3Igc2FtcGxlIGludm9pY2Vz"
            }
          },
          "ID": "Invoice03.pdf"
        },
        "BillingReference": {
          "InvoiceDocumentReference": {
            "ID": "Invoice01",
            "IssueDate": "2022-07-29"
          }
        },
        "BuyerReference": "Simple solar plan",
        "DocumentCurrencyCode": "AUD",
        "ID": "Invoice03",
        "InvoiceLine": [
          {
            "ID": "1",
            "InvoicedQuantity": {
              "unitCode": "KWH",
              "value": "-325.2"
            },
            "Item": {
              "ClassifiedTaxCategory": {
                "ID": "S",
                "Percent": "10",
                "TaxScheme": {
                  "ID": "GST"
                }
              },
              "Name": "Adjustment - reverse prior Electricity charges - all day rate NMI 9000074677"
            },
            "LineExtensionAmount": {
              "currencyID": "AUD",
              "value": "-129.04"
            },
            "Price": {
              "PriceAmount": {
                "currencyID": "AUD",
                "value": "0.3968"
              }
            }
          },
          {
            "ID": "2",
            "InvoicedQuantity": {
              "unitCode": "DAY",
              "value": "-31"
            },
            "Item": {
              "ClassifiedTaxCategory": {
                "ID": "S",
                "Percent": "10",
                "TaxScheme": {
                  "ID": "GST"
                }
              },
              "Name": "Adjustment - reverse prior Supply charge"
            },
            "LineExtensionAmount": {
              "currencyID": "AUD",
              "value": "-30.39"
            },
            "Price": {
              "PriceAmount": {
                "currencyID": "AUD",
                "value": "0.9803"
              }
            }
          }
        ],
        "InvoicePeriod": {
          "EndDate": "2022-07-15",
          "StartDate": "2022-06-15"
        },
        "InvoiceTypeCode": "380",
        "IssueDate": "2022-07-31",
        "LegalMonetaryTotal": {
          "LineExtensionAmount": {
            "currencyID": "AUD",
            "value": "-159.43"
          },
          "PayableAmount": {
            "currencyID": "AUD",
            "value": "-175.37"
          },
          "TaxExclusiveAmount": {
            "currencyID": "AUD",
            "value": "-159.43"
          },
          "TaxInclusiveAmount": {
            "currencyID": "AUD",
            "value": "-175.37"
          }
        },
        "Note": "Adjustment note to reverse prior bill Invoice01. Free text field can bring attention to reason for credit etc.",
        "TaxTotal": {
          "TaxAmount": {
            "currencyID": "AUD",
            "value": "-15.94"
          },
          "TaxSubtotal": {
            "TaxAmount": {
              "currencyID": "AUD",
              "value": "-15.94"
            },
            "TaxCategory": {
              "ID": "S",
              "Percent": "10",
              "TaxScheme": {
                "ID": "GST"
              }
            },
            "TaxableAmount": {
              "currencyID": "AUD",
              "value": "-159.43"
            }
          }
        }
      }
    }
  ],
  "message": "Invoice(s) created successfully"
} InvoiceCreation.tsx:59
